
                            < M A T L A B (R) >
                  Copyright 1984-2018 The MathWorks, Inc.
                   R2018b (9.5.0.944444) 64-bit (glnxa64)
                              August 28, 2018

 
For online documentation, see https://www.mathworks.com/support
For product information, visit www.mathworks.com.
 
defining const 1
adding to program
Running alfonsless

Program Details:
================

Total number of indeterminates: 5
-------------------------------

[   x1  ]
[   x2  ]
[   x3  ]
[   x4  ]
[   x5  ]

Total number of decision polynomials: 4
-----------------------------------

* Polynomial 1:

 Variables:

[   x1  ]
[   x2  ]
[   x3  ]
[   x4  ]
[   x5  ]

 Degree: 10
 Dimension: 3003

* Polynomial 2:

 Variables:

[   x1  ]
[   x2  ]
[   x3  ]
[   x4  ]
[   x5  ]

 Degree: 10
 Dimension: 3003

* Polynomial 3:

 Variables:

[   x1  ]
[   x2  ]
[   x3  ]
[   x4  ]
[   x5  ]

 Degree: 10
 Dimension: 3003

* Polynomial 4:

 Variables:

[   x1  ]
[   x2  ]
[   x3  ]
[   x4  ]
[   x5  ]

 Degree: 10
 Dimension: 3003

Total number of SOS constraints: 1
--------------------------------

* Constraint 1

 Variables / bounds :

 x1 [-1.00, 1.00]
 x2 [-1.00, 1.00]
 x3 [-1.00, 1.00]
 x4 [-1.00, 1.00]
 x5 [-1.00, 1.00]

 SOS Cone Degree: 10

 size(A) for Decision Poly 1: 3003x3003
 Cond(A) for Decision Poly 1: 2.927974e+03
 Cond(A_interp) for Decision Poly 1: 2.976723e+10

 size(A) for Decision Poly 2: 3003x3003
 Cond(A) for Decision Poly 2: 4.326801e+03

Program Details:
================

Total number of indeterminates: 5
-------------------------------

[   x1  ]
[   x2  ]
[   x3  ]
[   x4  ]
[   x5  ]

Total number of decision polynomials: 4
-----------------------------------

* Polynomial 1:

 Variables:

[   x1  ]
[   x2  ]
[   x3  ]
[   x4  ]
[   x5  ]

 Degree: 10
 Dimension: 3003

* Polynomial 2:

 Variables:

[   x1  ]
[   x2  ]
[   x3  ]
[   x4  ]
[   x5  ]

 Degree: 10
 Dimension: 3003

* Polynomial 3:

 Variables:

[   x1  ]
[   x2  ]
[   x3  ]
[   x4  ]
[   x5  ]

 Degree: 10
 Dimension: 3003

* Polynomial 4:

 Variables:

[   x1  ]
[   x2  ]
[   x3  ]
[   x4  ]
[   x5  ]

 Degree: 10
 Dimension: 3003

Total number of SOS constraints: 1
--------------------------------

* Constraint 1

 Variables / bounds :

 x1 [-1.00, 1.00]
 x2 [-1.00, 1.00]
 x3 [-1.00, 1.00]
 x4 [-1.00, 1.00]
 x5 [-1.00, 1.00]

 SOS Cone Degree: 10

 size(A) for Decision Poly 1: 3003x3003
 Cond(A_interp) for Decision Poly 2: 2.705427e+10

 size(A) for Decision Poly 3: 3003x3003
 Cond(A) for Decision Poly 1: 2.927974e+03
 Cond(A) for Decision Poly 3: 1.123022e+04
 Cond(A_interp) for Decision Poly 1: 2.976723e+10

 size(A) for Decision Poly 2: 3003x3003
 Cond(A_interp) for Decision Poly 3: 1.045120e+11

 size(A) for Decision Poly 4: 3003x3003
 Cond(A) for Decision Poly 2: 4.326801e+03
 Cond(A) for Decision Poly 4: 1.422487e+04
 Cond(A_interp) for Decision Poly 2: 2.705427e+10

 size(A) for Decision Poly 3: 3003x3003
 Cond(A_interp) for Decision Poly 4: 4.838400e+11

 Constraint A size: 3003x12012

 Cond(A) for Decision Poly 3: 1.123022e+04
 Cond(A_interp) for Decision Poly 3: 1.045120e+11

 size(A) for Decision Poly 4: 3003x3003
 Cond(A): 2.126622e+06

 Cond(A) for Decision Poly 4: 1.422487e+04
 Cond(A_interp) for Decision Poly 4: 4.838400e+11

 Constraint A size: 3003x12012

 Cond(A): 2.126622e+06

