
                            < M A T L A B (R) >
                  Copyright 1984-2018 The MathWorks, Inc.
                   R2018b (9.5.0.944444) 64-bit (glnxa64)
                              August 28, 2018

 
For online documentation, see https://www.mathworks.com/support
For product information, visit www.mathworks.com.
 
defining const 1
adding to program
defining const 2
adding to program
defining const 3
adding to program
defining const 4
adding to program
defining const 5
adding to program
defining const 6
adding to program
defining const 7
adding to program
defining const 8
adding to program
defining const 9
adding to program
defining const 10
adding to program
Running alfonsless

Program Details:
================

Total number of indeterminates: 5
-------------------------------

[   x1  ]
[   x2  ]
[   x3  ]
[   x4  ]
[   x5  ]

Total number of decision polynomials: 2
-----------------------------------

* Polynomial 1:

 Variables:

[   x1  ]
[   x2  ]
[   x3  ]
[   x4  ]
[   x5  ]

 Degree: 10
 Dimension: 3003

* Polynomial 2:

 Variables:

[   x1  ]
[   x2  ]
[   x3  ]
[   x4  ]
[   x5  ]

 Degree: 10
 Dimension: 3003

Total number of SOS constraints: 10
--------------------------------

* Constraint 1

 Variables / bounds :

 x1 [-1.00, 1.00]
 x2 [-1.00, 1.00]
 x3 [-1.00, 1.00]
 x4 [-1.00, 1.00]
 x5 [-1.00, 1.00]

 SOS Cone Degree: 10

 size(A) for Decision Poly 1: 3003x3003
 Cond(A) for Decision Poly 1: 2.927974e+03
 Cond(A_interp) for Decision Poly 1: 2.976723e+10

 size(A) for Decision Poly 2: 3003x3003
 Cond(A) for Decision Poly 2: 5.547649e+03

Program Details:
================

Total number of indeterminates: 5
-------------------------------

[   x1  ]
[   x2  ]
[   x3  ]
[   x4  ]
[   x5  ]

Total number of decision polynomials: 2
-----------------------------------

* Polynomial 1:

 Variables:

[   x1  ]
[   x2  ]
[   x3  ]
[   x4  ]
[   x5  ]

 Degree: 10
 Dimension: 3003

* Polynomial 2:

 Variables:

[   x1  ]
[   x2  ]
[   x3  ]
[   x4  ]
[   x5  ]

 Degree: 10
 Dimension: 3003

Total number of SOS constraints: 10
--------------------------------

* Constraint 1

 Variables / bounds :

 x1 [-1.00, 1.00]
 x2 [-1.00, 1.00]
 x3 [-1.00, 1.00]
 x4 [-1.00, 1.00]
 x5 [-1.00, 1.00]

 SOS Cone Degree: 10

 size(A) for Decision Poly 1: 3003x3003
 Cond(A_interp) for Decision Poly 2: 2.651969e+11

 Constraint A size: 3003x6006

 Cond(A) for Decision Poly 1: 2.927974e+03
 Cond(A_interp) for Decision Poly 1: 2.976723e+10

 size(A) for Decision Poly 2: 3003x3003
 Cond(A): 4.471290e+07

* Constraint 2

 Variables / bounds :

 x1 [-1.00, 1.00]
 x2 [-1.00, 1.00]
 x3 [-1.00, 1.00]
 x4 [-1.00, 1.00]
 x5 [-1.00, 1.00]

 SOS Cone Degree: 10

 size(A) for Decision Poly 1: 3003x3003
 Cond(A) for Decision Poly 2: 5.547649e+03
 Cond(A) for Decision Poly 1: 4.326801e+03
 Cond(A_interp) for Decision Poly 2: 2.651969e+11

 Constraint A size: 3003x6006

 Cond(A_interp) for Decision Poly 1: 2.705427e+10

 size(A) for Decision Poly 2: 3003x3003
 Cond(A) for Decision Poly 2: 2.024430e+04
 Cond(A): 4.471290e+07

* Constraint 2

 Variables / bounds :

 x1 [-1.00, 1.00]
 x2 [-1.00, 1.00]
 x3 [-1.00, 1.00]
 x4 [-1.00, 1.00]
 x5 [-1.00, 1.00]

 SOS Cone Degree: 10

 size(A) for Decision Poly 1: 3003x3003
 Cond(A_interp) for Decision Poly 2: 4.613641e+11

 Constraint A size: 3003x6006

 Cond(A) for Decision Poly 1: 4.326801e+03
 Cond(A_interp) for Decision Poly 1: 2.705427e+10

 size(A) for Decision Poly 2: 3003x3003
 Cond(A): 2.552382e+07

* Constraint 3

 Variables / bounds :

 x1 [-1.00, 1.00]
 x2 [-1.00, 1.00]
 x3 [-1.00, 1.00]
 x4 [-1.00, 1.00]
 x5 [-1.00, 1.00]

 SOS Cone Degree: 10

 size(A) for Decision Poly 1: 3003x3003
 Cond(A) for Decision Poly 2: 2.024430e+04
 Cond(A) for Decision Poly 1: 1.123022e+04
 Cond(A_interp) for Decision Poly 2: 4.613641e+11

 Constraint A size: 3003x6006

 Cond(A_interp) for Decision Poly 1: 1.045120e+11

 size(A) for Decision Poly 2: 3003x3003
 Cond(A) for Decision Poly 2: 3.325123e+03
 Cond(A): 2.552382e+07

* Constraint 3

 Variables / bounds :

 x1 [-1.00, 1.00]
 x2 [-1.00, 1.00]
 x3 [-1.00, 1.00]
 x4 [-1.00, 1.00]
 x5 [-1.00, 1.00]

 SOS Cone Degree: 10

 size(A) for Decision Poly 1: 3003x3003
 Cond(A_interp) for Decision Poly 2: 2.413481e+10

 Constraint A size: 3003x6006

 Cond(A) for Decision Poly 1: 1.123022e+04
 Cond(A_interp) for Decision Poly 1: 1.045120e+11

 size(A) for Decision Poly 2: 3003x3003
 Cond(A): 2.497842e+07

* Constraint 4

 Variables / bounds :

 x1 [-1.00, 1.00]
 x2 [-1.00, 1.00]
 x3 [-1.00, 1.00]
 x4 [-1.00, 1.00]
 x5 [-1.00, 1.00]

 SOS Cone Degree: 10

 size(A) for Decision Poly 1: 3003x3003
 Cond(A) for Decision Poly 2: 3.325123e+03
 Cond(A) for Decision Poly 1: 1.422487e+04
 Cond(A_interp) for Decision Poly 2: 2.413481e+10

 Constraint A size: 3003x6006

 Cond(A_interp) for Decision Poly 1: 4.838400e+11

 size(A) for Decision Poly 2: 3003x3003
 Cond(A) for Decision Poly 2: 4.460006e+03
 Cond(A): 2.497842e+07

* Constraint 4

 Variables / bounds :

 x1 [-1.00, 1.00]
 x2 [-1.00, 1.00]
 x3 [-1.00, 1.00]
 x4 [-1.00, 1.00]
 x5 [-1.00, 1.00]

 SOS Cone Degree: 10

 size(A) for Decision Poly 1: 3003x3003
 Cond(A_interp) for Decision Poly 2: 1.150630e+11

 Constraint A size: 3003x6006

 Cond(A) for Decision Poly 1: 1.422487e+04
 Cond(A_interp) for Decision Poly 1: 4.838400e+11

 size(A) for Decision Poly 2: 3003x3003
 Cond(A): 3.269824e+07

* Constraint 5

 Variables / bounds :

 x1 [-1.00, 1.00]
 x2 [-1.00, 1.00]
 x3 [-1.00, 1.00]
 x4 [-1.00, 1.00]
 x5 [-1.00, 1.00]

 SOS Cone Degree: 10

 size(A) for Decision Poly 1: 3003x3003
 Cond(A) for Decision Poly 2: 4.460006e+03
 Cond(A) for Decision Poly 1: 7.537651e+03
 Cond(A_interp) for Decision Poly 2: 1.150630e+11

 Constraint A size: 3003x6006

 Cond(A_interp) for Decision Poly 1: 2.890472e+11

 size(A) for Decision Poly 2: 3003x3003
 Cond(A) for Decision Poly 2: 8.123950e+03
 Cond(A): 3.269824e+07

* Constraint 5

 Variables / bounds :

 x1 [-1.00, 1.00]
 x2 [-1.00, 1.00]
 x3 [-1.00, 1.00]
 x4 [-1.00, 1.00]
 x5 [-1.00, 1.00]

 SOS Cone Degree: 10

 size(A) for Decision Poly 1: 3003x3003
 Cond(A_interp) for Decision Poly 2: 9.307509e+10

 Constraint A size: 3003x6006

 Cond(A) for Decision Poly 1: 7.537651e+03
 Cond(A_interp) for Decision Poly 1: 2.890472e+11

 size(A) for Decision Poly 2: 3003x3003
 Cond(A): 2.148329e+07

* Constraint 6

 Variables / bounds :

 x1 [-1.00, 1.00]
 x2 [-1.00, 1.00]
 x3 [-1.00, 1.00]
 x4 [-1.00, 1.00]
 x5 [-1.00, 1.00]

 SOS Cone Degree: 10

 size(A) for Decision Poly 1: 3003x3003
 Cond(A) for Decision Poly 2: 8.123950e+03
 Cond(A) for Decision Poly 1: 2.068153e+04
 Cond(A_interp) for Decision Poly 2: 9.307509e+10

 Constraint A size: 3003x6006

 Cond(A_interp) for Decision Poly 1: 1.951427e+11

 size(A) for Decision Poly 2: 3003x3003
 Cond(A) for Decision Poly 2: 4.911844e+03
 Cond(A): 2.148329e+07

* Constraint 6

 Variables / bounds :

 x1 [-1.00, 1.00]
 x2 [-1.00, 1.00]
 x3 [-1.00, 1.00]
 x4 [-1.00, 1.00]
 x5 [-1.00, 1.00]

 SOS Cone Degree: 10

 size(A) for Decision Poly 1: 3003x3003
 Cond(A_interp) for Decision Poly 2: 1.035643e+11

 Constraint A size: 3003x6006

 Cond(A) for Decision Poly 1: 2.068153e+04
 Cond(A_interp) for Decision Poly 1: 1.951427e+11

 size(A) for Decision Poly 2: 3003x3003
 Cond(A): 1.272765e+07

* Constraint 7

 Variables / bounds :

 x1 [-1.00, 1.00]
 x2 [-1.00, 1.00]
 x3 [-1.00, 1.00]
 x4 [-1.00, 1.00]
 x5 [-1.00, 1.00]

 SOS Cone Degree: 10

 size(A) for Decision Poly 1: 3003x3003
 Cond(A) for Decision Poly 2: 4.911844e+03
 Cond(A) for Decision Poly 1: 1.524076e+03
 Cond(A_interp) for Decision Poly 2: 1.035643e+11

 Constraint A size: 3003x6006

 Cond(A_interp) for Decision Poly 1: 9.444754e+09

 size(A) for Decision Poly 2: 3003x3003
 Cond(A) for Decision Poly 2: 7.165332e+03
 Cond(A): 1.272765e+07

* Constraint 7

 Variables / bounds :

 x1 [-1.00, 1.00]
 x2 [-1.00, 1.00]
 x3 [-1.00, 1.00]
 x4 [-1.00, 1.00]
 x5 [-1.00, 1.00]

 SOS Cone Degree: 10

 size(A) for Decision Poly 1: 3003x3003
 Cond(A_interp) for Decision Poly 2: 1.849367e+11

 Constraint A size: 3003x6006

 Cond(A) for Decision Poly 1: 1.524076e+03
 Cond(A_interp) for Decision Poly 1: 9.444754e+09

 size(A) for Decision Poly 2: 3003x3003
 Cond(A): 3.311029e+07

* Constraint 8

 Variables / bounds :

 x1 [-1.00, 1.00]
 x2 [-1.00, 1.00]
 x3 [-1.00, 1.00]
 x4 [-1.00, 1.00]
 x5 [-1.00, 1.00]

 SOS Cone Degree: 10

 size(A) for Decision Poly 1: 3003x3003
 Cond(A) for Decision Poly 2: 7.165332e+03
 Cond(A) for Decision Poly 1: 1.601582e+03
 Cond(A_interp) for Decision Poly 2: 1.849367e+11

 Constraint A size: 3003x6006

 Cond(A_interp) for Decision Poly 1: 8.203918e+10

 size(A) for Decision Poly 2: 3003x3003
 Cond(A) for Decision Poly 2: 9.084341e+04
 Cond(A): 3.311029e+07

* Constraint 8

 Variables / bounds :

 x1 [-1.00, 1.00]
 x2 [-1.00, 1.00]
 x3 [-1.00, 1.00]
 x4 [-1.00, 1.00]
 x5 [-1.00, 1.00]

 SOS Cone Degree: 10

 size(A) for Decision Poly 1: 3003x3003
 Cond(A_interp) for Decision Poly 2: 1.411558e+12

 Constraint A size: 3003x6006

 Cond(A) for Decision Poly 1: 1.601582e+03
 Cond(A_interp) for Decision Poly 1: 8.203918e+10

 size(A) for Decision Poly 2: 3003x3003
 Cond(A): 1.182972e+08

* Constraint 9

 Variables / bounds :

 x1 [-1.00, 1.00]
 x2 [-1.00, 1.00]
 x3 [-1.00, 1.00]
 x4 [-1.00, 1.00]
 x5 [-1.00, 1.00]

 SOS Cone Degree: 10

 size(A) for Decision Poly 1: 3003x3003
 Cond(A) for Decision Poly 2: 9.084341e+04
 Cond(A) for Decision Poly 1: 2.389106e+03
 Cond(A_interp) for Decision Poly 2: 1.411558e+12

 Constraint A size: 3003x6006

 Cond(A_interp) for Decision Poly 1: 4.919513e+10

 size(A) for Decision Poly 2: 3003x3003
 Cond(A) for Decision Poly 2: 9.673231e+03
 Cond(A): 1.182972e+08

* Constraint 9

 Variables / bounds :

 x1 [-1.00, 1.00]
 x2 [-1.00, 1.00]
 x3 [-1.00, 1.00]
 x4 [-1.00, 1.00]
 x5 [-1.00, 1.00]

 SOS Cone Degree: 10

 size(A) for Decision Poly 1: 3003x3003
 Cond(A_interp) for Decision Poly 2: 8.184994e+10

 Constraint A size: 3003x6006

 Cond(A) for Decision Poly 1: 2.389106e+03
 Cond(A_interp) for Decision Poly 1: 4.919513e+10

 size(A) for Decision Poly 2: 3003x3003
 Cond(A): 1.989884e+07

* Constraint 10

 Variables / bounds :

 x1 [-1.00, 1.00]
 x2 [-1.00, 1.00]
 x3 [-1.00, 1.00]
 x4 [-1.00, 1.00]
 x5 [-1.00, 1.00]

 SOS Cone Degree: 10

 size(A) for Decision Poly 1: 3003x3003
 Cond(A) for Decision Poly 2: 9.673231e+03
 Cond(A) for Decision Poly 1: 1.388292e+04
 Cond(A_interp) for Decision Poly 2: 8.184994e+10

 Constraint A size: 3003x6006

 Cond(A_interp) for Decision Poly 1: 5.610494e+10

 size(A) for Decision Poly 2: 3003x3003
 Cond(A) for Decision Poly 2: 7.052434e+03
 Cond(A): 1.989884e+07

* Constraint 10

 Variables / bounds :

 x1 [-1.00, 1.00]
 x2 [-1.00, 1.00]
 x3 [-1.00, 1.00]
 x4 [-1.00, 1.00]
 x5 [-1.00, 1.00]

 SOS Cone Degree: 10

 size(A) for Decision Poly 1: 3003x3003
 Cond(A_interp) for Decision Poly 2: 6.451275e+10

 Constraint A size: 3003x6006

 Cond(A) for Decision Poly 1: 1.388292e+04
 Cond(A_interp) for Decision Poly 1: 5.610494e+10

 size(A) for Decision Poly 2: 3003x3003
 Cond(A): 3.235817e+07

 Cond(A) for Decision Poly 2: 7.052434e+03
 Cond(A_interp) for Decision Poly 2: 6.451275e+10

 Constraint A size: 3003x6006

 Cond(A): 3.235817e+07

