Generating interpolant bases for Y, Y0Defining constraint 1Defining q constraints (2-4 in the paper)
ans =

    'Defining constraints for g_1'


ans =

    'Defining constraints for g_2'


ans =

    'Defining constraint 5'


ans =

    'Defining constraint 6'


ans =

    'Defining constraint 7'


ans =

    'Defining cost function'


ans =

    'Running alfonso'


Program Details:
================

Total number of indeterminates: 5
-------------------------------

[   t1  ]
[   z1  ]
[   z2  ]
[   k1  ]
[   k2  ]

Total number of decision polynomials: 4
-----------------------------------

* Polynomial 1:

 Variables:

[   t1  ]
[   z1  ]
[   z2  ]
[   k1  ]
[   k2  ]

 Degree: 10
 Dimension: 3003

* Polynomial 2:

 Variables:

[   z1  ]
[   z2  ]
[   k1  ]
[   k2  ]

 Degree: 10
 Dimension: 1001

* Polynomial 3:

 Variables:

[   t1  ]
[   z1  ]
[   z2  ]
[   k1  ]
[   k2  ]

 Degree: 10
 Dimension: 3003

* Polynomial 4:

 Variables:

[   t1  ]
[   z1  ]
[   z2  ]
[   k1  ]
[   k2  ]

 Degree: 10
 Dimension: 3003

Total number of SOS constraints: 3
--------------------------------

* Constraint 1

 Variables / bounds :

 t1 [0.00, 1.00]
 z1 [-1.00, 1.00]
 z2 [-1.00, 1.00]
 k1 [-1.00, 1.00]
 k2 [-1.00, 1.00]

 SOS Cone Degree: 12

 size(A) for Decision Poly 1: 6188x3003
 Cond(A) for Decision Poly 1: Inf
 Cond(A_interp) for Decision Poly 1: 3.536323e+15

 size(A) for Decision Poly 2: 6188x1001
 Cond(A) for Decision Poly 2: Inf
 Cond(A_interp) for Decision Poly 2: Inf

 size(A) for Decision Poly 3: 6188x3003
 Cond(A) for Decision Poly 3: 1
 Cond(A_interp) for Decision Poly 3: 2.060640e+09

 size(A) for Decision Poly 4: 6188x3003
 Cond(A) for Decision Poly 4: 1
 Cond(A_interp) for Decision Poly 4: 2.060640e+09

 Constraint A size: 6188x10010

 Cond(A): 6.090724e+20

* Constraint 2

 Variables / bounds :

 z1 [-1.00, 1.00]
 z2 [-1.00, 1.00]
 k1 [-1.00, 1.00]
 k2 [-1.00, 1.00]

 SOS Cone Degree: 10

 size(A) for Decision Poly 1: 1001x3003
 Cond(A) for Decision Poly 1: Inf
 Cond(A_interp) for Decision Poly 1: Inf

 size(A) for Decision Poly 2: 1001x1001
 Cond(A) for Decision Poly 2: 1
 Cond(A_interp) for Decision Poly 2: 1.000000e+00

 size(A) for Decision Poly 3: 1001x3003
 Cond(A) for Decision Poly 3: Inf
 Cond(A_interp) for Decision Poly 3: Inf

 size(A) for Decision Poly 4: 1001x3003
 Cond(A) for Decision Poly 4: Inf
 Cond(A_interp) for Decision Poly 4: Inf

 Constraint A size: 1001x10010

 Cond(A): 1.000000e+00

* Constraint 3

 Variables / bounds :

 t1 [0.00, 1.00]
 z1 [-1.00, 1.00]
 z2 [-1.00, 1.00]
 k1 [-1.00, 1.00]
 k2 [-1.00, 1.00]

 SOS Cone Degree: 10

 size(A) for Decision Poly 1: 3003x3003
 Cond(A) for Decision Poly 1: 1
 Cond(A_interp) for Decision Poly 1: 8.650506e+09

 size(A) for Decision Poly 2: 3003x1001
 Cond(A) for Decision Poly 2: 1
 Cond(A_interp) for Decision Poly 2: 8.934328e+01

 size(A) for Decision Poly 3: 3003x3003
 Cond(A) for Decision Poly 3: Inf
 Cond(A_interp) for Decision Poly 3: Inf

 size(A) for Decision Poly 4: 3003x3003
 Cond(A) for Decision Poly 4: Inf
 Cond(A_interp) for Decision Poly 4: Inf

 Constraint A size: 3003x10010

 Cond(A): 7.641347e+09


size(A): 10192x10010

ans =

           1        3003


ans =

           1        1001


ans =

           1        3003


ans =

           1        3003

1: pObj=-3.776662e+03 pIn=3.454900e-01 dIn=9.049914e-05 gap=3.776662e+03 tau=1 kap=1 mu=1.000000e+00

ans = 

  datetime

   09-Mar-2019 22:38:45

[Warning: Matrix is singular to working precision.] 
[> In alfonso>linSolve3 (line 506)
  In alfonso>linSolveMain (line 427)
  In alfonso>pred (line 265)
  In alfonso (line 173)
  In AlfonsoSOSProg/solve_alfonso (line 110)
  In AlfonsoSOSProgFekete/minimize (line 85)
  In find_FRS_alfonso_experimental (line 180)
  In segway_FRS_solver_okay (line 102)
  In call_exp (line 7)
] 
Predictor could not improve the solution.
Done in 1 iterations.
Status = UNKNOWN

ans =

    'Done'

