
                            < M A T L A B (R) >
                  Copyright 1984-2018 The MathWorks, Inc.
                   R2018b (9.5.0.944444) 64-bit (glnxa64)
                              August 28, 2018

 
For online documentation, see https://www.mathworks.com/support
For product information, visit www.mathworks.com.
 
defining const 1
adding to program
defining const 2
adding to program
defining const 3
adding to program
defining const 4
adding to program
defining const 5
adding to program
Running alfonsless

Program Details:
================

Total number of indeterminates: 5
-------------------------------

[   x1  ]
[   x2  ]
[   x3  ]
[   x4  ]
[   x5  ]

Total number of decision polynomials: 2
-----------------------------------

* Polynomial 1:

 Variables:

[   x1  ]
[   x2  ]
[   x3  ]
[   x4  ]
[   x5  ]

 Degree: 8
 Dimension: 1287

* Polynomial 2:

 Variables:

[   x1  ]
[   x2  ]
[   x3  ]
[   x4  ]
[   x5  ]

 Degree: 8
 Dimension: 1287

Total number of SOS constraints: 5
--------------------------------

* Constraint 1

 Variables / bounds :

 x1 [-1.00, 1.00]
 x2 [-1.00, 1.00]
 x3 [-1.00, 1.00]
 x4 [-1.00, 1.00]
 x5 [-1.00, 1.00]

 SOS Cone Degree: 8

 size(A) for Decision Poly 1: 1287x1287
 Cond(A) for Decision Poly 1: 1.913359e+03
 Cond(A_interp) for Decision Poly 1: 2.392891e+08

 size(A) for Decision Poly 2: 1287x1287
 Cond(A) for Decision Poly 2: 2.734148e+03
 Cond(A_interp) for Decision Poly 2: 2.388526e+08

 Constraint A size: 1287x2574

 Cond(A): 1.074953e+06

* Constraint 2

 Variables / bounds :

 x1 [-1.00, 1.00]
 x2 [-1.00, 1.00]
 x3 [-1.00, 1.00]
 x4 [-1.00, 1.00]
 x5 [-1.00, 1.00]

 SOS Cone Degree: 8

 size(A) for Decision Poly 1: 1287x1287
 Cond(A) for Decision Poly 1: 2.927053e+03
 Cond(A_interp) for Decision Poly 1: 2.231573e+09

 size(A) for Decision Poly 2: 1287x1287
 Cond(A) for Decision Poly 2: 1.119420e+04
 Cond(A_interp) for Decision Poly 2: 5.405155e+09

 Constraint A size: 1287x2574

 Cond(A): 1.387271e+06

* Constraint 3

 Variables / bounds :

 x1 [-1.00, 1.00]
 x2 [-1.00, 1.00]
 x3 [-1.00, 1.00]
 x4 [-1.00, 1.00]
 x5 [-1.00, 1.00]

 SOS Cone Degree: 8

 size(A) for Decision Poly 1: 1287x1287
 Cond(A) for Decision Poly 1: 1.000375e+03
 Cond(A_interp) for Decision Poly 1: 5.253688e+08

 size(A) for Decision Poly 2: 1287x1287

Program Details:
================

Total number of indeterminates: 5
-------------------------------

[   x1  ]
[   x2  ]
[   x3  ]
[   x4  ]
[   x5  ]

Total number of decision polynomials: 2
-----------------------------------

* Polynomial 1:

 Variables:

[   x1  ]
[   x2  ]
[   x3  ]
[   x4  ]
[   x5  ]

 Degree: 8
 Dimension: 1287

* Polynomial 2:

 Variables:

[   x1  ]
[   x2  ]
[   x3  ]
[   x4  ]
[   x5  ]

 Degree: 8
 Dimension: 1287

Total number of SOS constraints: 5
--------------------------------

* Constraint 1

 Variables / bounds :

 x1 [-1.00, 1.00]
 x2 [-1.00, 1.00]
 x3 [-1.00, 1.00]
 x4 [-1.00, 1.00]
 x5 [-1.00, 1.00]

 SOS Cone Degree: 8

 size(A) for Decision Poly 1: 1287x1287
 Cond(A) for Decision Poly 2: 1.421759e+04
 Cond(A_interp) for Decision Poly 2: 4.315823e+09

 Constraint A size: 1287x2574

 Cond(A) for Decision Poly 1: 1.913359e+03
 Cond(A_interp) for Decision Poly 1: 2.392891e+08

 size(A) for Decision Poly 2: 1287x1287
 Cond(A): 1.231580e+06

* Constraint 4

 Variables / bounds :

 x1 [-1.00, 1.00]
 x2 [-1.00, 1.00]
 x3 [-1.00, 1.00]
 x4 [-1.00, 1.00]
 x5 [-1.00, 1.00]

 SOS Cone Degree: 8

 size(A) for Decision Poly 1: 1287x1287
 Cond(A) for Decision Poly 1: 4.320974e+03
 Cond(A) for Decision Poly 2: 2.734148e+03
 Cond(A_interp) for Decision Poly 1: 9.038058e+08

 size(A) for Decision Poly 2: 1287x1287
 Cond(A_interp) for Decision Poly 2: 2.388526e+08

 Constraint A size: 1287x2574

 Cond(A) for Decision Poly 2: 1.351820e+04
 Cond(A): 1.074953e+06

* Constraint 2

 Variables / bounds :

 x1 [-1.00, 1.00]
 x2 [-1.00, 1.00]
 x3 [-1.00, 1.00]
 x4 [-1.00, 1.00]
 x5 [-1.00, 1.00]

 SOS Cone Degree: 8

 size(A) for Decision Poly 1: 1287x1287
 Cond(A_interp) for Decision Poly 2: 2.800746e+09

 Constraint A size: 1287x2574

 Cond(A) for Decision Poly 1: 2.927053e+03
 Cond(A): 8.184818e+05

* Constraint 5

 Variables / bounds :

 x1 [-1.00, 1.00]
 x2 [-1.00, 1.00]
 x3 [-1.00, 1.00]
 x4 [-1.00, 1.00]
 x5 [-1.00, 1.00]

 SOS Cone Degree: 8

 size(A) for Decision Poly 1: 1287x1287
 Cond(A_interp) for Decision Poly 1: 2.231573e+09

 size(A) for Decision Poly 2: 1287x1287
 Cond(A) for Decision Poly 1: 7.597353e+02
 Cond(A) for Decision Poly 2: 1.119420e+04
 Cond(A_interp) for Decision Poly 1: 6.902466e+08

 size(A) for Decision Poly 2: 1287x1287
 Cond(A_interp) for Decision Poly 2: 5.405155e+09

 Constraint A size: 1287x2574

 Cond(A) for Decision Poly 2: 7.537651e+03
 Cond(A): 1.387271e+06

* Constraint 3

 Variables / bounds :

 x1 [-1.00, 1.00]
 x2 [-1.00, 1.00]
 x3 [-1.00, 1.00]
 x4 [-1.00, 1.00]
 x5 [-1.00, 1.00]

 SOS Cone Degree: 8

 size(A) for Decision Poly 1: 1287x1287
 Cond(A_interp) for Decision Poly 2: 1.898297e+09

 Constraint A size: 1287x2574

 Cond(A) for Decision Poly 1: 1.000375e+03
 Cond(A): 1.181117e+06

 Cond(A_interp) for Decision Poly 1: 5.253688e+08

 size(A) for Decision Poly 2: 1287x1287
 Cond(A) for Decision Poly 2: 1.421759e+04
 Cond(A_interp) for Decision Poly 2: 4.315823e+09

 Constraint A size: 1287x2574

 Cond(A): 1.231580e+06

* Constraint 4

 Variables / bounds :

 x1 [-1.00, 1.00]
 x2 [-1.00, 1.00]
 x3 [-1.00, 1.00]
 x4 [-1.00, 1.00]
 x5 [-1.00, 1.00]

 SOS Cone Degree: 8

 size(A) for Decision Poly 1: 1287x1287
 Cond(A) for Decision Poly 1: 4.320974e+03
 Cond(A_interp) for Decision Poly 1: 9.038058e+08

 size(A) for Decision Poly 2: 1287x1287
 Cond(A) for Decision Poly 2: 1.351820e+04
 Cond(A_interp) for Decision Poly 2: 2.800746e+09

 Constraint A size: 1287x2574

 Cond(A): 8.184818e+05

* Constraint 5

 Variables / bounds :

 x1 [-1.00, 1.00]
 x2 [-1.00, 1.00]
 x3 [-1.00, 1.00]
 x4 [-1.00, 1.00]
 x5 [-1.00, 1.00]

 SOS Cone Degree: 8

 size(A) for Decision Poly 1: 1287x1287
 Cond(A) for Decision Poly 1: 7.597353e+02
 Cond(A_interp) for Decision Poly 1: 6.902466e+08

 size(A) for Decision Poly 2: 1287x1287
 Cond(A) for Decision Poly 2: 7.537651e+03
 Cond(A_interp) for Decision Poly 2: 1.898297e+09

 Constraint A size: 1287x2574

 Cond(A): 1.181117e+06

