 Cond(A) for Decision Poly 4: 1.026316e+04
 Cond(A_interp) for Decision Poly 4: 2.683523e+14

 Constraint A size: 11628x46512

 Cond(A): 6.498607e+08

* Constraint 10

 Variables / bounds :

 x1 [-1.00, 1.00]
 x2 [-1.00, 1.00]
 x3 [-1.00, 1.00]
 x4 [-1.00, 1.00]
 x5 [-1.00, 1.00]

 SOS Cone Degree: 14

 size(A) for Decision Poly 1: 11628x11628
 Cond(A) for Decision Poly 1: 6.674123e+03
 Cond(A_interp) for Decision Poly 1: 314626693637439

 size(A) for Decision Poly 2: 11628x11628
 Cond(A) for Decision Poly 2: 1.605980e+05
 Cond(A_interp) for Decision Poly 2: 4644419059778501

 size(A) for Decision Poly 3: 11628x11628
 Cond(A) for Decision Poly 3: 1.894072e+04
 Cond(A_interp) for Decision Poly 3: 2.919304e+14

 size(A) for Decision Poly 4: 11628x11628
 Cond(A) for Decision Poly 4: 6.648542e+03
 Cond(A_interp) for Decision Poly 4: 1.948136e+14

 Constraint A size: 11628x46512

 Cond(A): 5.177342e+08

