
                            < M A T L A B (R) >
                  Copyright 1984-2018 The MathWorks, Inc.
                   R2018b (9.5.0.944444) 64-bit (glnxa64)
                              August 28, 2018

 
For online documentation, see https://www.mathworks.com/support
For product information, visit www.mathworks.com.
 
defining const 1
adding to program
defining const 2
adding to program
defining const 3
adding to program
defining const 4
adding to program
defining const 5
adding to program
defining const 6
adding to program
defining const 7
adding to program
defining const 8
adding to program
defining const 9
adding to program
defining const 10
adding to program
Running alfonsless

Program Details:
================

Total number of indeterminates: 5
-------------------------------

[   x1  ]
[   x2  ]
[   x3  ]
[   x4  ]
[   x5  ]

Total number of decision polynomials: 4
-----------------------------------

* Polynomial 1:

 Variables:

[   x1  ]
[   x2  ]
[   x3  ]
[   x4  ]
[   x5  ]

 Degree: 8
 Dimension: 1287

* Polynomial 2:

 Variables:

[   x1  ]
[   x2  ]
[   x3  ]
[   x4  ]
[   x5  ]

 Degree: 8
 Dimension: 1287

* Polynomial 3:

 Variables:

[   x1  ]
[   x2  ]
[   x3  ]
[   x4  ]
[   x5  ]

 Degree: 8
 Dimension: 1287

* Polynomial 4:

 Variables:

[   x1  ]
[   x2  ]
[   x3  ]
[   x4  ]
[   x5  ]

 Degree: 8
 Dimension: 1287

Total number of SOS constraints: 10
--------------------------------

* Constraint 1

 Variables / bounds :

 x1 [-1.00, 1.00]
 x2 [-1.00, 1.00]
 x3 [-1.00, 1.00]
 x4 [-1.00, 1.00]
 x5 [-1.00, 1.00]

 SOS Cone Degree: 8

 size(A) for Decision Poly 1: 1287x1287
 Cond(A) for Decision Poly 1: 1.913359e+03
 Cond(A_interp) for Decision Poly 1: 2.392891e+08

 size(A) for Decision Poly 2: 1287x1287
 Cond(A) for Decision Poly 2: 5.691718e+02
 Cond(A_interp) for Decision Poly 2: 2.865382e+08

 size(A) for Decision Poly 3: 1287x1287
 Cond(A) for Decision Poly 3: 9.535568e+02
 Cond(A_interp) for Decision Poly 3: 3.171913e+08

 size(A) for Decision Poly 4: 1287x1287
 Cond(A) for Decision Poly 4: 4.458974e+03
 Cond(A_interp) for Decision Poly 4: 7.561082e+08

 Constraint A size: 1287x5148

 Cond(A): 1.236923e+05

* Constraint 2

 Variables / bounds :

 x1 [-1.00, 1.00]
 x2 [-1.00, 1.00]
 x3 [-1.00, 1.00]
 x4 [-1.00, 1.00]
 x5 [-1.00, 1.00]

 SOS Cone Degree: 8

 size(A) for Decision Poly 1: 1287x1287
 Cond(A) for Decision Poly 1: 2.927053e+03

Program Details:
================

Total number of indeterminates: 5
-------------------------------

[   x1  ]
[   x2  ]
[   x3  ]
[   x4  ]
[   x5  ]

Total number of decision polynomials: 4
-----------------------------------

* Polynomial 1:

 Variables:

[   x1  ]
[   x2  ]
[   x3  ]
[   x4  ]
[   x5  ]

 Degree: 8
 Dimension: 1287

* Polynomial 2:

 Variables:

[   x1  ]
[   x2  ]
[   x3  ]
[   x4  ]
[   x5  ]

 Degree: 8
 Dimension: 1287

* Polynomial 3:

 Variables:

[   x1  ]
[   x2  ]
[   x3  ]
[   x4  ]
[   x5  ]

 Degree: 8
 Dimension: 1287

* Polynomial 4:

 Variables:

[   x1  ]
[   x2  ]
[   x3  ]
[   x4  ]
[   x5  ]

 Degree: 8
 Dimension: 1287

Total number of SOS constraints: 10
--------------------------------

* Constraint 1

 Variables / bounds :

 x1 [-1.00, 1.00]
 x2 [-1.00, 1.00]
 x3 [-1.00, 1.00]
 x4 [-1.00, 1.00]
 x5 [-1.00, 1.00]

 SOS Cone Degree: 8

 size(A) for Decision Poly 1: 1287x1287
 Cond(A_interp) for Decision Poly 1: 2.231573e+09

 size(A) for Decision Poly 2: 1287x1287
 Cond(A) for Decision Poly 1: 1.913359e+03
 Cond(A) for Decision Poly 2: 6.565311e+03
 Cond(A_interp) for Decision Poly 1: 2.392891e+08

 size(A) for Decision Poly 2: 1287x1287
 Cond(A_interp) for Decision Poly 2: 6.898387e+08

 size(A) for Decision Poly 3: 1287x1287
 Cond(A) for Decision Poly 2: 5.691718e+02
 Cond(A) for Decision Poly 3: 1.967139e+03
 Cond(A_interp) for Decision Poly 2: 2.865382e+08

 size(A) for Decision Poly 3: 1287x1287
 Cond(A_interp) for Decision Poly 3: 6.885377e+08

 size(A) for Decision Poly 4: 1287x1287
 Cond(A) for Decision Poly 3: 9.535568e+02
 Cond(A) for Decision Poly 4: 4.020575e+02
 Cond(A_interp) for Decision Poly 3: 3.171913e+08

 size(A) for Decision Poly 4: 1287x1287
 Cond(A_interp) for Decision Poly 4: 2.578101e+08

 Constraint A size: 1287x5148

 Cond(A) for Decision Poly 4: 4.458974e+03
 Cond(A): 1.443938e+05

* Constraint 3

 Variables / bounds :

 x1 [-1.00, 1.00]
 x2 [-1.00, 1.00]
 x3 [-1.00, 1.00]
 x4 [-1.00, 1.00]
 x5 [-1.00, 1.00]

 SOS Cone Degree: 8

 size(A) for Decision Poly 1: 1287x1287
 Cond(A_interp) for Decision Poly 4: 7.561082e+08

 Constraint A size: 1287x5148

 Cond(A) for Decision Poly 1: 1.000375e+03
 Cond(A_interp) for Decision Poly 1: 5.253688e+08

 size(A) for Decision Poly 2: 1287x1287
 Cond(A): 1.236923e+05

* Constraint 2

 Variables / bounds :

 x1 [-1.00, 1.00]
 x2 [-1.00, 1.00]
 x3 [-1.00, 1.00]
 x4 [-1.00, 1.00]
 x5 [-1.00, 1.00]

 SOS Cone Degree: 8

 size(A) for Decision Poly 1: 1287x1287
 Cond(A) for Decision Poly 2: 2.068153e+04
 Cond(A) for Decision Poly 1: 2.927053e+03
 Cond(A_interp) for Decision Poly 2: 9.176253e+09

 size(A) for Decision Poly 3: 1287x1287
 Cond(A_interp) for Decision Poly 1: 2.231573e+09

 size(A) for Decision Poly 2: 1287x1287
 Cond(A) for Decision Poly 3: 1.387738e+04
 Cond(A) for Decision Poly 2: 6.565311e+03
 Cond(A_interp) for Decision Poly 3: 1.185288e+09

 size(A) for Decision Poly 4: 1287x1287
 Cond(A_interp) for Decision Poly 2: 6.898387e+08

 size(A) for Decision Poly 3: 1287x1287
 Cond(A) for Decision Poly 4: 6.519252e+02
 Cond(A) for Decision Poly 3: 1.967139e+03
 Cond(A_interp) for Decision Poly 4: 7.042634e+08

 Constraint A size: 1287x5148

 Cond(A_interp) for Decision Poly 3: 6.885377e+08

 size(A) for Decision Poly 4: 1287x1287
 Cond(A): 8.374507e+04

* Constraint 4

 Variables / bounds :

 x1 [-1.00, 1.00]
 x2 [-1.00, 1.00]
 x3 [-1.00, 1.00]
 x4 [-1.00, 1.00]
 x5 [-1.00, 1.00]

 SOS Cone Degree: 8

 size(A) for Decision Poly 1: 1287x1287
 Cond(A) for Decision Poly 4: 4.020575e+02
 Cond(A) for Decision Poly 1: 4.320974e+03
 Cond(A_interp) for Decision Poly 4: 2.578101e+08

 Constraint A size: 1287x5148

 Cond(A_interp) for Decision Poly 1: 9.038058e+08

 size(A) for Decision Poly 2: 1287x1287
 Cond(A): 1.443938e+05

* Constraint 3

 Variables / bounds :

 x1 [-1.00, 1.00]
 x2 [-1.00, 1.00]
 x3 [-1.00, 1.00]
 x4 [-1.00, 1.00]
 x5 [-1.00, 1.00]

 SOS Cone Degree: 8

 size(A) for Decision Poly 1: 1287x1287
 Cond(A) for Decision Poly 2: 2.658504e+03
 Cond(A) for Decision Poly 1: 1.000375e+03
 Cond(A_interp) for Decision Poly 2: 3.770532e+09

 size(A) for Decision Poly 3: 1287x1287
 Cond(A) for Decision Poly 3: 5.547873e+03
 Cond(A_interp) for Decision Poly 1: 5.253688e+08

 size(A) for Decision Poly 2: 1287x1287
 Cond(A_interp) for Decision Poly 3: 8.689170e+08

 size(A) for Decision Poly 4: 1287x1287
 Cond(A) for Decision Poly 2: 2.068153e+04
 Cond(A) for Decision Poly 4: 1.492823e+03
 Cond(A_interp) for Decision Poly 2: 9.176253e+09

 size(A) for Decision Poly 3: 1287x1287
 Cond(A) for Decision Poly 3: 1.387738e+04
 Cond(A_interp) for Decision Poly 4: 5.864044e+08

 Constraint A size: 1287x5148

 Cond(A_interp) for Decision Poly 3: 1.185288e+09

 size(A) for Decision Poly 4: 1287x1287
 Cond(A): 1.153707e+05

* Constraint 5

 Variables / bounds :

 x1 [-1.00, 1.00]
 x2 [-1.00, 1.00]
 x3 [-1.00, 1.00]
 x4 [-1.00, 1.00]
 x5 [-1.00, 1.00]

 SOS Cone Degree: 8

 size(A) for Decision Poly 1: 1287x1287
 Cond(A) for Decision Poly 4: 6.519252e+02
 Cond(A) for Decision Poly 1: 7.597353e+02
 Cond(A_interp) for Decision Poly 1: 6.902466e+08

 size(A) for Decision Poly 2: 1287x1287
 Cond(A_interp) for Decision Poly 4: 7.042634e+08

 Constraint A size: 1287x5148

 Cond(A) for Decision Poly 2: 7.860828e+02
 Cond(A): 8.374507e+04

* Constraint 4

 Variables / bounds :

 x1 [-1.00, 1.00]
 x2 [-1.00, 1.00]
 x3 [-1.00, 1.00]
 x4 [-1.00, 1.00]
 x5 [-1.00, 1.00]

 SOS Cone Degree: 8

 size(A) for Decision Poly 1: 1287x1287
 Cond(A_interp) for Decision Poly 2: 1.730299e+08

 size(A) for Decision Poly 3: 1287x1287
 Cond(A) for Decision Poly 1: 4.320974e+03
 Cond(A) for Decision Poly 3: 2.224682e+03
 Cond(A_interp) for Decision Poly 1: 9.038058e+08

 size(A) for Decision Poly 2: 1287x1287
 Cond(A_interp) for Decision Poly 3: 1.020389e+09

 size(A) for Decision Poly 4: 1287x1287
 Cond(A) for Decision Poly 2: 2.658504e+03
 Cond(A) for Decision Poly 4: 8.123950e+03
 Cond(A_interp) for Decision Poly 2: 3.770532e+09

 size(A) for Decision Poly 3: 1287x1287
 Cond(A_interp) for Decision Poly 4: 2.106220e+09

 Constraint A size: 1287x5148

 Cond(A) for Decision Poly 3: 5.547873e+03
 Cond(A): 9.035596e+04

* Constraint 6

 Variables / bounds :

 x1 [-1.00, 1.00]
 x2 [-1.00, 1.00]
 x3 [-1.00, 1.00]
 x4 [-1.00, 1.00]
 x5 [-1.00, 1.00]

 SOS Cone Degree: 8

 size(A) for Decision Poly 1: 1287x1287
 Cond(A_interp) for Decision Poly 3: 8.689170e+08

 size(A) for Decision Poly 4: 1287x1287
 Cond(A) for Decision Poly 1: 2.734148e+03
 Cond(A) for Decision Poly 4: 1.492823e+03
 Cond(A_interp) for Decision Poly 1: 2.388526e+08

 size(A) for Decision Poly 2: 1287x1287
 Cond(A_interp) for Decision Poly 4: 5.864044e+08

 Constraint A size: 1287x5148

 Cond(A) for Decision Poly 2: 1.524076e+03
 Cond(A): 1.153707e+05

* Constraint 5

 Variables / bounds :

 x1 [-1.00, 1.00]
 x2 [-1.00, 1.00]
 x3 [-1.00, 1.00]
 x4 [-1.00, 1.00]
 x5 [-1.00, 1.00]

 SOS Cone Degree: 8

 size(A) for Decision Poly 1: 1287x1287
 Cond(A_interp) for Decision Poly 2: 6.160956e+08

 size(A) for Decision Poly 3: 1287x1287
 Cond(A) for Decision Poly 1: 7.597353e+02
 Cond(A) for Decision Poly 3: 3.013827e+02
 Cond(A_interp) for Decision Poly 1: 6.902466e+08

 size(A) for Decision Poly 2: 1287x1287
 Cond(A_interp) for Decision Poly 3: 2.816094e+08

 size(A) for Decision Poly 4: 1287x1287
 Cond(A) for Decision Poly 2: 7.860828e+02
 Cond(A) for Decision Poly 4: 4.904142e+03
 Cond(A_interp) for Decision Poly 2: 1.730299e+08

 size(A) for Decision Poly 3: 1287x1287
 Cond(A_interp) for Decision Poly 4: 6.009749e+08

 Constraint A size: 1287x5148

 Cond(A) for Decision Poly 3: 2.224682e+03
 Cond(A): 9.251134e+04

* Constraint 7

 Variables / bounds :

 x1 [-1.00, 1.00]
 x2 [-1.00, 1.00]
 x3 [-1.00, 1.00]
 x4 [-1.00, 1.00]
 x5 [-1.00, 1.00]

 SOS Cone Degree: 8

 size(A) for Decision Poly 1: 1287x1287
 Cond(A_interp) for Decision Poly 3: 1.020389e+09

 size(A) for Decision Poly 4: 1287x1287
 Cond(A) for Decision Poly 1: 1.119420e+04
 Cond(A) for Decision Poly 4: 8.123950e+03
 Cond(A_interp) for Decision Poly 1: 5.405155e+09

 size(A) for Decision Poly 2: 1287x1287
 Cond(A_interp) for Decision Poly 4: 2.106220e+09

 Constraint A size: 1287x5148

 Cond(A) for Decision Poly 2: 1.601582e+03
 Cond(A): 9.035596e+04

* Constraint 6

 Variables / bounds :

 x1 [-1.00, 1.00]
 x2 [-1.00, 1.00]
 x3 [-1.00, 1.00]
 x4 [-1.00, 1.00]
 x5 [-1.00, 1.00]

 SOS Cone Degree: 8

 size(A) for Decision Poly 1: 1287x1287
 Cond(A_interp) for Decision Poly 2: 2.330963e+08

 size(A) for Decision Poly 3: 1287x1287
 Cond(A) for Decision Poly 1: 2.734148e+03
 Cond(A) for Decision Poly 3: 9.225510e+02
 Cond(A_interp) for Decision Poly 1: 2.388526e+08

 size(A) for Decision Poly 2: 1287x1287
 Cond(A_interp) for Decision Poly 3: 4.970053e+08

 size(A) for Decision Poly 4: 1287x1287
 Cond(A) for Decision Poly 2: 1.524076e+03
 Cond(A) for Decision Poly 4: 7.990162e+02
 Cond(A_interp) for Decision Poly 2: 6.160956e+08

 size(A) for Decision Poly 3: 1287x1287
 Cond(A_interp) for Decision Poly 4: 2.692470e+08

 Constraint A size: 1287x5148

 Cond(A) for Decision Poly 3: 3.013827e+02
 Cond(A): 9.054352e+04

* Constraint 8

 Variables / bounds :

 x1 [-1.00, 1.00]
 x2 [-1.00, 1.00]
 x3 [-1.00, 1.00]
 x4 [-1.00, 1.00]
 x5 [-1.00, 1.00]

 SOS Cone Degree: 8

 size(A) for Decision Poly 1: 1287x1287
 Cond(A_interp) for Decision Poly 3: 2.816094e+08

 size(A) for Decision Poly 4: 1287x1287
 Cond(A) for Decision Poly 1: 1.421759e+04
 Cond(A) for Decision Poly 4: 4.904142e+03
 Cond(A_interp) for Decision Poly 1: 4.315823e+09

 size(A) for Decision Poly 2: 1287x1287
 Cond(A_interp) for Decision Poly 4: 6.009749e+08

 Constraint A size: 1287x5148

 Cond(A) for Decision Poly 2: 1.521220e+03
 Cond(A_interp) for Decision Poly 2: 6.949933e+08

 size(A) for Decision Poly 3: 1287x1287
 Cond(A): 9.251134e+04

* Constraint 7

 Variables / bounds :

 x1 [-1.00, 1.00]
 x2 [-1.00, 1.00]
 x3 [-1.00, 1.00]
 x4 [-1.00, 1.00]
 x5 [-1.00, 1.00]

 SOS Cone Degree: 8

 size(A) for Decision Poly 1: 1287x1287
 Cond(A) for Decision Poly 3: 2.022503e+04
 Cond(A) for Decision Poly 1: 1.119420e+04
 Cond(A_interp) for Decision Poly 3: 1.399694e+10

 size(A) for Decision Poly 4: 1287x1287
 Cond(A_interp) for Decision Poly 1: 5.405155e+09

 size(A) for Decision Poly 2: 1287x1287
 Cond(A) for Decision Poly 4: 2.834164e+03
 Cond(A) for Decision Poly 2: 1.601582e+03
 Cond(A_interp) for Decision Poly 4: 1.251021e+09

 Constraint A size: 1287x5148

 Cond(A_interp) for Decision Poly 2: 2.330963e+08

 size(A) for Decision Poly 3: 1287x1287
 Cond(A): 1.044307e+05

* Constraint 9

 Variables / bounds :

 x1 [-1.00, 1.00]
 x2 [-1.00, 1.00]
 x3 [-1.00, 1.00]
 x4 [-1.00, 1.00]
 x5 [-1.00, 1.00]

 SOS Cone Degree: 8

 size(A) for Decision Poly 1: 1287x1287
 Cond(A) for Decision Poly 3: 9.225510e+02
 Cond(A) for Decision Poly 1: 1.351820e+04
 Cond(A_interp) for Decision Poly 3: 4.970053e+08

 size(A) for Decision Poly 4: 1287x1287
 Cond(A_interp) for Decision Poly 1: 2.800746e+09

 size(A) for Decision Poly 2: 1287x1287
 Cond(A) for Decision Poly 4: 7.990162e+02
 Cond(A_interp) for Decision Poly 4: 2.692470e+08

 Constraint A size: 1287x5148

 Cond(A) for Decision Poly 2: 2.388267e+03
 Cond(A_interp) for Decision Poly 2: 5.005623e+08

 size(A) for Decision Poly 3: 1287x1287
 Cond(A): 9.054352e+04

* Constraint 8

 Variables / bounds :

 x1 [-1.00, 1.00]
 x2 [-1.00, 1.00]
 x3 [-1.00, 1.00]
 x4 [-1.00, 1.00]
 x5 [-1.00, 1.00]

 SOS Cone Degree: 8

 size(A) for Decision Poly 1: 1287x1287
 Cond(A) for Decision Poly 3: 1.002663e+03
 Cond(A) for Decision Poly 1: 1.421759e+04
 Cond(A_interp) for Decision Poly 3: 2.391644e+08

 size(A) for Decision Poly 4: 1287x1287
 Cond(A_interp) for Decision Poly 1: 4.315823e+09

 size(A) for Decision Poly 2: 1287x1287
 Cond(A) for Decision Poly 4: 7.165332e+03
 Cond(A) for Decision Poly 2: 1.521220e+03
 Cond(A_interp) for Decision Poly 4: 1.971612e+09

 Constraint A size: 1287x5148

 Cond(A_interp) for Decision Poly 2: 6.949933e+08

 size(A) for Decision Poly 3: 1287x1287
 Cond(A): 9.779039e+04

* Constraint 10

 Variables / bounds :

 x1 [-1.00, 1.00]
 x2 [-1.00, 1.00]
 x3 [-1.00, 1.00]
 x4 [-1.00, 1.00]
 x5 [-1.00, 1.00]

 SOS Cone Degree: 8

 size(A) for Decision Poly 1: 1287x1287
 Cond(A) for Decision Poly 3: 2.022503e+04
 Cond(A) for Decision Poly 1: 7.537651e+03
 Cond(A_interp) for Decision Poly 3: 1.399694e+10

 size(A) for Decision Poly 4: 1287x1287
 Cond(A_interp) for Decision Poly 1: 1.898297e+09

 size(A) for Decision Poly 2: 1287x1287
 Cond(A) for Decision Poly 4: 2.834164e+03
 Cond(A) for Decision Poly 2: 6.754358e+02
 Cond(A_interp) for Decision Poly 4: 1.251021e+09

 Constraint A size: 1287x5148

 Cond(A_interp) for Decision Poly 2: 3.007553e+08

 size(A) for Decision Poly 3: 1287x1287
 Cond(A): 1.044307e+05

* Constraint 9

 Variables / bounds :

 x1 [-1.00, 1.00]
 x2 [-1.00, 1.00]
 x3 [-1.00, 1.00]
 x4 [-1.00, 1.00]
 x5 [-1.00, 1.00]

 SOS Cone Degree: 8

 size(A) for Decision Poly 1: 1287x1287
 Cond(A) for Decision Poly 3: 3.322648e+03
 Cond(A) for Decision Poly 1: 1.351820e+04
 Cond(A_interp) for Decision Poly 3: 2.353439e+09

 size(A) for Decision Poly 4: 1287x1287
 Cond(A_interp) for Decision Poly 1: 2.800746e+09

 size(A) for Decision Poly 2: 1287x1287
 Cond(A) for Decision Poly 4: 9.084341e+04
 Cond(A) for Decision Poly 2: 2.388267e+03
 Cond(A_interp) for Decision Poly 4: 8.551761e+09

 Constraint A size: 1287x5148

 Cond(A_interp) for Decision Poly 2: 5.005623e+08

 size(A) for Decision Poly 3: 1287x1287
 Cond(A): 1.108664e+05

 Cond(A) for Decision Poly 3: 1.002663e+03
 Cond(A_interp) for Decision Poly 3: 2.391644e+08

 size(A) for Decision Poly 4: 1287x1287
 Cond(A) for Decision Poly 4: 7.165332e+03
 Cond(A_interp) for Decision Poly 4: 1.971612e+09

 Constraint A size: 1287x5148

 Cond(A): 9.779039e+04

* Constraint 10

 Variables / bounds :

 x1 [-1.00, 1.00]
 x2 [-1.00, 1.00]
 x3 [-1.00, 1.00]
 x4 [-1.00, 1.00]
 x5 [-1.00, 1.00]

 SOS Cone Degree: 8

 size(A) for Decision Poly 1: 1287x1287
 Cond(A) for Decision Poly 1: 7.537651e+03
 Cond(A_interp) for Decision Poly 1: 1.898297e+09

 size(A) for Decision Poly 2: 1287x1287
 Cond(A) for Decision Poly 2: 6.754358e+02
 Cond(A_interp) for Decision Poly 2: 3.007553e+08

 size(A) for Decision Poly 3: 1287x1287
 Cond(A) for Decision Poly 3: 3.322648e+03
 Cond(A_interp) for Decision Poly 3: 2.353439e+09

 size(A) for Decision Poly 4: 1287x1287
 Cond(A) for Decision Poly 4: 9.084341e+04
 Cond(A_interp) for Decision Poly 4: 8.551761e+09

 Constraint A size: 1287x5148

 Cond(A): 1.108664e+05

