
                            < M A T L A B (R) >
                  Copyright 1984-2018 The MathWorks, Inc.
                   R2018b (9.5.0.944444) 64-bit (glnxa64)
                              August 28, 2018

 
For online documentation, see https://www.mathworks.com/support
For product information, visit www.mathworks.com.
 
defining const 1
adding to program
defining const 2
adding to program
defining const 3
adding to program
defining const 4
adding to program
defining const 5
adding to program
defining const 6
adding to program
defining const 7
adding to program
defining const 8
adding to program
Running alfonsless

Program Details:
================

Total number of indeterminates: 5
-------------------------------

[   x1  ]
[   x2  ]
[   x3  ]
[   x4  ]
[   x5  ]

Total number of decision polynomials: 4
-----------------------------------

* Polynomial 1:

 Variables:

[   x1  ]
[   x2  ]
[   x3  ]
[   x4  ]
[   x5  ]

 Degree: 12
 Dimension: 6188

* Polynomial 2:

 Variables:

[   x1  ]
[   x2  ]
[   x3  ]
[   x4  ]
[   x5  ]

 Degree: 12
 Dimension: 6188

* Polynomial 3:

 Variables:

[   x1  ]
[   x2  ]
[   x3  ]
[   x4  ]
[   x5  ]

 Degree: 12
 Dimension: 6188

* Polynomial 4:

 Variables:

[   x1  ]
[   x2  ]
[   x3  ]
[   x4  ]
[   x5  ]

 Degree: 12
 Dimension: 6188

Total number of SOS constraints: 8
--------------------------------

* Constraint 1

 Variables / bounds :

 x1 [-1.00, 1.00]
 x2 [-1.00, 1.00]
 x3 [-1.00, 1.00]
 x4 [-1.00, 1.00]
 x5 [-1.00, 1.00]

 SOS Cone Degree: 12

 size(A) for Decision Poly 1: 6188x6188
 Cond(A) for Decision Poly 1: 4.326885e+03
 Cond(A_interp) for Decision Poly 1: 2.096179e+12

 size(A) for Decision Poly 2: 6188x6188
 Cond(A) for Decision Poly 2: 9.084341e+04
 Cond(A_interp) for Decision Poly 2: 2.153843e+13

 size(A) for Decision Poly 3: 6188x6188
 Cond(A) for Decision Poly 3: 8.091023e+03
 Cond(A_interp) for Decision Poly 3: 6.638516e+12

 size(A) for Decision Poly 4: 6188x6188
 Cond(A) for Decision Poly 4: 9.210031e+04
 Cond(A_interp) for Decision Poly 4: 5.219652e+13

 Constraint A size: 6188x24752

 Cond(A): 2.816248e+07

* Constraint 2

 Variables / bounds :

 x1 [-1.00, 1.00]
 x2 [-1.00, 1.00]
 x3 [-1.00, 1.00]
 x4 [-1.00, 1.00]
 x5 [-1.00, 1.00]

 SOS Cone Degree: 12

 size(A) for Decision Poly 1: 6188x6188
 Cond(A) for Decision Poly 1: 1.422801e+04
 Cond(A_interp) for Decision Poly 1: 7.817601e+12

 size(A) for Decision Poly 2: 6188x6188
 Cond(A) for Decision Poly 2: 7.052434e+03
 Cond(A_interp) for Decision Poly 2: 5.682272e+12

 size(A) for Decision Poly 3: 6188x6188
 Cond(A) for Decision Poly 3: 6.674123e+03
 Cond(A_interp) for Decision Poly 3: 8.551607e+12

 size(A) for Decision Poly 4: 6188x6188
 Cond(A) for Decision Poly 4: 7.804573e+03
 Cond(A_interp) for Decision Poly 4: 1.892465e+12

 Constraint A size: 6188x24752

 Cond(A): 2.673275e+07

* Constraint 3

 Variables / bounds :

 x1 [-1.00, 1.00]
 x2 [-1.00, 1.00]
 x3 [-1.00, 1.00]
 x4 [-1.00, 1.00]
 x5 [-1.00, 1.00]

 SOS Cone Degree: 12

 size(A) for Decision Poly 1: 6188x6188
 Cond(A) for Decision Poly 1: 2.068153e+04
 Cond(A_interp) for Decision Poly 1: 2.132138e+12

 size(A) for Decision Poly 2: 6188x6188
 Cond(A) for Decision Poly 2: 2.800323e+04
 Cond(A_interp) for Decision Poly 2: 4.845700e+12

 size(A) for Decision Poly 3: 6188x6188
 Cond(A) for Decision Poly 3: 6.153914e+03
 Cond(A_interp) for Decision Poly 3: 2.665694e+12

 size(A) for Decision Poly 4: 6188x6188
 Cond(A) for Decision Poly 4: 4.532564e+04
 Cond(A_interp) for Decision Poly 4: 3.874832e+12

 Constraint A size: 6188x24752

 Cond(A): 2.352979e+07

* Constraint 4

 Variables / bounds :

 x1 [-1.00, 1.00]
 x2 [-1.00, 1.00]
 x3 [-1.00, 1.00]
 x4 [-1.00, 1.00]
 x5 [-1.00, 1.00]

 SOS Cone Degree: 12

 size(A) for Decision Poly 1: 6188x6188
 Cond(A) for Decision Poly 1: 2.388562e+03
 Cond(A_interp) for Decision Poly 1: 2.555667e+12

 size(A) for Decision Poly 2: 6188x6188
 Cond(A) for Decision Poly 2: 2.681190e+04
 Cond(A_interp) for Decision Poly 2: 3.311042e+13

 size(A) for Decision Poly 3: 6188x6188
 Cond(A) for Decision Poly 3: 5.057968e+03
 Cond(A_interp) for Decision Poly 3: 3.445070e+12

 size(A) for Decision Poly 4: 6188x6188
 Cond(A) for Decision Poly 4: 3.512731e+03
 Cond(A_interp) for Decision Poly 4: 2.397029e+12

 Constraint A size: 6188x24752

 Cond(A): 3.080281e+07

* Constraint 5

 Variables / bounds :

 x1 [-1.00, 1.00]
 x2 [-1.00, 1.00]
 x3 [-1.00, 1.00]
 x4 [-1.00, 1.00]
 x5 [-1.00, 1.00]

 SOS Cone Degree: 12

 size(A) for Decision Poly 1: 6188x6188
 Cond(A) for Decision Poly 1: 1.388292e+04
 Cond(A_interp) for Decision Poly 1: 5.961571e+12

 size(A) for Decision Poly 2: 6188x6188
 Cond(A) for Decision Poly 2: 8.017964e+03
 Cond(A_interp) for Decision Poly 2: 3.802473e+12

 size(A) for Decision Poly 3: 6188x6188
 Cond(A) for Decision Poly 3: 2.258478e+03
 Cond(A_interp) for Decision Poly 3: 9.970619e+11

 size(A) for Decision Poly 4: 6188x6188
 Cond(A) for Decision Poly 4: 3.615659e+03
 Cond(A_interp) for Decision Poly 4: 2.643808e+12

 Constraint A size: 6188x24752

 Cond(A): 2.334294e+07

* Constraint 6

 Variables / bounds :

 x1 [-1.00, 1.00]
 x2 [-1.00, 1.00]
 x3 [-1.00, 1.00]
 x4 [-1.00, 1.00]
 x5 [-1.00, 1.00]

 SOS Cone Degree: 12

 size(A) for Decision Poly 1: 6188x6188
 Cond(A) for Decision Poly 1: 2.024430e+04
 Cond(A_interp) for Decision Poly 1: 3.005431e+12

 size(A) for Decision Poly 2: 6188x6188
 Cond(A) for Decision Poly 2: 1.495991e+04
 Cond(A_interp) for Decision Poly 2: 2.856001e+12

 size(A) for Decision Poly 3: 6188x6188
 Cond(A) for Decision Poly 3: 6.628477e+03
 Cond(A_interp) for Decision Poly 3: 2.264089e+12

 size(A) for Decision Poly 4: 6188x6188
 Cond(A) for Decision Poly 4: 2.138364e+04
 Cond(A_interp) for Decision Poly 4: 8.647192e+12

 Constraint A size: 6188x24752

 Cond(A): 3.163242e+07

* Constraint 7

 Variables / bounds :

 x1 [-1.00, 1.00]
 x2 [-1.00, 1.00]
 x3 [-1.00, 1.00]
 x4 [-1.00, 1.00]
 x5 [-1.00, 1.00]

 SOS Cone Degree: 12

 size(A) for Decision Poly 1: 6188x6188
 Cond(A) for Decision Poly 1: 4.460006e+03
 Cond(A_interp) for Decision Poly 1: 7.060993e+12

 size(A) for Decision Poly 2: 6188x6188
 Cond(A) for Decision Poly 2: 1.394002e+04
 Cond(A_interp) for Decision Poly 2: 3.932006e+12

 size(A) for Decision Poly 3: 6188x6188
 Cond(A) for Decision Poly 3: 3.057441e+04
 Cond(A_interp) for Decision Poly 3: 6.796618e+12

 size(A) for Decision Poly 4: 6188x6188
 Cond(A) for Decision Poly 4: 2.521507e+03
 Cond(A_interp) for Decision Poly 4: 5.388386e+12

 Constraint A size: 6188x24752

 Cond(A): 2.871651e+07

* Constraint 8

 Variables / bounds :

 x1 [-1.00, 1.00]
 x2 [-1.00, 1.00]
 x3 [-1.00, 1.00]
 x4 [-1.00, 1.00]
 x5 [-1.00, 1.00]

 SOS Cone Degree: 12

 size(A) for Decision Poly 1: 6188x6188
 Cond(A) for Decision Poly 1: 8.123950e+03
 Cond(A_interp) for Decision Poly 1: 9.331242e+12

 size(A) for Decision Poly 2: 6188x6188
 Cond(A) for Decision Poly 2: 4.650570e+03
 Cond(A_interp) for Decision Poly 2: 3.551422e+12

 size(A) for Decision Poly 3: 6188x6188
 Cond(A) for Decision Poly 3: 2.097394e+03
 Cond(A_interp) for Decision Poly 3: 1.786628e+12

 size(A) for Decision Poly 4: 6188x6188
 Cond(A) for Decision Poly 4: 4.668287e+03
 Cond(A_interp) for Decision Poly 4: 4.471527e+12

 Constraint A size: 6188x24752

 Cond(A): 2.241739e+07

