
                            < M A T L A B (R) >
                  Copyright 1984-2018 The MathWorks, Inc.
                   R2018b (9.5.0.944444) 64-bit (glnxa64)
                              August 28, 2018

 
For online documentation, see https://www.mathworks.com/support
For product information, visit www.mathworks.com.
 
defining const 1
adding to program
defining const 2
adding to program
defining const 3
adding to program
defining const 4
adding to program
defining const 5
adding to program
defining const 6
adding to program
defining const 7
adding to program
defining const 8
adding to program
defining const 9
adding to program
Running alfonsless

Program Details:
================

Total number of indeterminates: 5
-------------------------------

[   x1  ]
[   x2  ]
[   x3  ]
[   x4  ]
[   x5  ]

Total number of decision polynomials: 4
-----------------------------------

* Polynomial 1:

 Variables:

[   x1  ]
[   x2  ]
[   x3  ]
[   x4  ]
[   x5  ]

 Degree: 14
 Dimension: 11628

* Polynomial 2:

 Variables:

[   x1  ]
[   x2  ]
[   x3  ]
[   x4  ]
[   x5  ]

 Degree: 14
 Dimension: 11628

* Polynomial 3:

 Variables:

[   x1  ]
[   x2  ]
[   x3  ]
[   x4  ]
[   x5  ]

 Degree: 14
 Dimension: 11628

* Polynomial 4:

 Variables:

[   x1  ]
[   x2  ]
[   x3  ]
[   x4  ]
[   x5  ]

 Degree: 14
 Dimension: 11628

Total number of SOS constraints: 9
--------------------------------

* Constraint 1

 Variables / bounds :

 x1 [-1.00, 1.00]
 x2 [-1.00, 1.00]
 x3 [-1.00, 1.00]
 x4 [-1.00, 1.00]
 x5 [-1.00, 1.00]

 SOS Cone Degree: 14

 size(A) for Decision Poly 1: 11628x11628
 Cond(A) for Decision Poly 1: 1.422977e+04
 Cond(A_interp) for Decision Poly 1: 4.172538e+14

 size(A) for Decision Poly 2: 11628x11628
 Cond(A) for Decision Poly 2: 6.674123e+03
 Cond(A_interp) for Decision Poly 2: 314626693637439

 size(A) for Decision Poly 3: 11628x11628
 Cond(A) for Decision Poly 3: 5.332758e+04
 Cond(A_interp) for Decision Poly 3: 2.482163e+14

 size(A) for Decision Poly 4: 11628x11628
 Cond(A) for Decision Poly 4: 1.213033e+04
 Cond(A_interp) for Decision Poly 4: 4.329154e+14

 Constraint A size: 11628x46512

 Cond(A): 4.732931e+08

* Constraint 2

 Variables / bounds :

 x1 [-1.00, 1.00]
 x2 [-1.00, 1.00]
 x3 [-1.00, 1.00]
 x4 [-1.00, 1.00]
 x5 [-1.00, 1.00]

 SOS Cone Degree: 14

 size(A) for Decision Poly 1: 11628x11628
 Cond(A) for Decision Poly 1: 2.068153e+04
 Cond(A_interp) for Decision Poly 1: 5.281879e+14

 size(A) for Decision Poly 2: 11628x11628
 Cond(A) for Decision Poly 2: 6.156211e+03
 Cond(A_interp) for Decision Poly 2: 2.481853e+14

 size(A) for Decision Poly 3: 11628x11628
 Cond(A) for Decision Poly 3: 1.605980e+05
 Cond(A_interp) for Decision Poly 3: 4644419059778501

 size(A) for Decision Poly 4: 11628x11628
 Cond(A) for Decision Poly 4: 7.208826e+03
 Cond(A_interp) for Decision Poly 4: 1.197967e+15

 Constraint A size: 11628x46512

 Cond(A): 4.193189e+08

* Constraint 3

 Variables / bounds :

 x1 [-1.00, 1.00]
 x2 [-1.00, 1.00]
 x3 [-1.00, 1.00]
 x4 [-1.00, 1.00]
 x5 [-1.00, 1.00]

 SOS Cone Degree: 14

 size(A) for Decision Poly 1: 11628x11628
 Cond(A) for Decision Poly 1: 1.388292e+04
 Cond(A_interp) for Decision Poly 1: 3.329596e+14

 size(A) for Decision Poly 2: 11628x11628
 Cond(A) for Decision Poly 2: 3.057416e+04
 Cond(A_interp) for Decision Poly 2: 2.227683e+14

 size(A) for Decision Poly 3: 11628x11628
 Cond(A) for Decision Poly 3: 3.511354e+04
 Cond(A_interp) for Decision Poly 3: 4.722810e+14

 size(A) for Decision Poly 4: 11628x11628
 Cond(A) for Decision Poly 4: 1.894072e+04
 Cond(A_interp) for Decision Poly 4: 2.919304e+14

 Constraint A size: 11628x46512

 Cond(A): 4.425782e+08

* Constraint 4

 Variables / bounds :

 x1 [-1.00, 1.00]
 x2 [-1.00, 1.00]
 x3 [-1.00, 1.00]
 x4 [-1.00, 1.00]
 x5 [-1.00, 1.00]

 SOS Cone Degree: 14

 size(A) for Decision Poly 1: 11628x11628
 Cond(A) for Decision Poly 1: 2.024475e+04
 Cond(A_interp) for Decision Poly 1: 2.152388e+14

 size(A) for Decision Poly 2: 11628x11628
 Cond(A) for Decision Poly 2: 8.231240e+03
 Cond(A_interp) for Decision Poly 2: 1.505429e+14

 size(A) for Decision Poly 3: 11628x11628
 Cond(A) for Decision Poly 3: 1.588763e+05
 Cond(A_interp) for Decision Poly 3: 6.292839e+14

 size(A) for Decision Poly 4: 11628x11628
 Cond(A) for Decision Poly 4: 2.270722e+04
 Cond(A_interp) for Decision Poly 4: 6.736478e+14

 Constraint A size: 11628x46512

 Cond(A): 4.320989e+08

* Constraint 5

 Variables / bounds :

 x1 [-1.00, 1.00]
 x2 [-1.00, 1.00]
 x3 [-1.00, 1.00]
 x4 [-1.00, 1.00]
 x5 [-1.00, 1.00]

 SOS Cone Degree: 14

 size(A) for Decision Poly 1: 11628x11628
 Cond(A) for Decision Poly 1: 9.084341e+04
 Cond(A_interp) for Decision Poly 1: 1.714399e+14

 size(A) for Decision Poly 2: 11628x11628
 Cond(A) for Decision Poly 2: 9.212703e+04
 Cond(A_interp) for Decision Poly 2: 4.777552e+14

 size(A) for Decision Poly 3: 11628x11628
 Cond(A) for Decision Poly 3: 4.213258e+03
 Cond(A_interp) for Decision Poly 3: 4.037085e+14

 size(A) for Decision Poly 4: 11628x11628
 Cond(A) for Decision Poly 4: 8.306031e+03
 Cond(A_interp) for Decision Poly 4: 1.433848e+14

 Constraint A size: 11628x46512

 Cond(A): 3.767188e+08

* Constraint 6

 Variables / bounds :

 x1 [-1.00, 1.00]
 x2 [-1.00, 1.00]
 x3 [-1.00, 1.00]
 x4 [-1.00, 1.00]
 x5 [-1.00, 1.00]

 SOS Cone Degree: 14

 size(A) for Decision Poly 1: 11628x11628
 Cond(A) for Decision Poly 1: 2.800505e+04
 Cond(A_interp) for Decision Poly 1: 5.164880e+14

 size(A) for Decision Poly 2: 11628x11628
 Cond(A) for Decision Poly 2: 4.532564e+04
 Cond(A_interp) for Decision Poly 2: 4.332249e+14

 size(A) for Decision Poly 3: 11628x11628
 Cond(A) for Decision Poly 3: 1.060188e+05
 Cond(A_interp) for Decision Poly 3: 2.006951e+14

 size(A) for Decision Poly 4: 11628x11628
 Cond(A) for Decision Poly 4: 3.946537e+03
 Cond(A_interp) for Decision Poly 4: 5.345765e+13

 Constraint A size: 11628x46512

 Cond(A): 4.092552e+08

* Constraint 7

 Variables / bounds :

 x1 [-1.00, 1.00]
 x2 [-1.00, 1.00]
 x3 [-1.00, 1.00]
 x4 [-1.00, 1.00]
 x5 [-1.00, 1.00]

 SOS Cone Degree: 14

 size(A) for Decision Poly 1: 11628x11628
 Cond(A) for Decision Poly 1: 2.681693e+04
 Cond(A_interp) for Decision Poly 1: 3.840142e+14

 size(A) for Decision Poly 2: 11628x11628
 Cond(A) for Decision Poly 2: 2.138364e+04
 Cond(A_interp) for Decision Poly 2: 2.011055e+14

 size(A) for Decision Poly 3: 11628x11628
 Cond(A) for Decision Poly 3: 1.133808e+04
 Cond(A_interp) for Decision Poly 3: 1.537287e+14

 size(A) for Decision Poly 4: 11628x11628
 Cond(A) for Decision Poly 4: 1.093817e+04
 Cond(A_interp) for Decision Poly 4: 9.569835e+13

 Constraint A size: 11628x46512

 Cond(A): 4.005037e+08

* Constraint 8

 Variables / bounds :

 x1 [-1.00, 1.00]
 x2 [-1.00, 1.00]
 x3 [-1.00, 1.00]
 x4 [-1.00, 1.00]
 x5 [-1.00, 1.00]

 SOS Cone Degree: 14

 size(A) for Decision Poly 1: 11628x11628
 Cond(A) for Decision Poly 1: 1.496330e+04
 Cond(A_interp) for Decision Poly 1: 1.949717e+14

 size(A) for Decision Poly 2: 11628x11628
 Cond(A) for Decision Poly 2: 4.668287e+03
 Cond(A_interp) for Decision Poly 2: 5.064601e+13

 size(A) for Decision Poly 3: 11628x11628
 Cond(A) for Decision Poly 3: 2.191700e+03
 Cond(A_interp) for Decision Poly 3: 1.208519e+14

 size(A) for Decision Poly 4: 11628x11628
 Cond(A) for Decision Poly 4: 1.238165e+04
 Cond(A_interp) for Decision Poly 4: 2.147634e+14

 Constraint A size: 11628x46512

 Cond(A): 4.203214e+08

* Constraint 9

 Variables / bounds :

 x1 [-1.00, 1.00]
 x2 [-1.00, 1.00]
 x3 [-1.00, 1.00]
 x4 [-1.00, 1.00]
 x5 [-1.00, 1.00]

 SOS Cone Degree: 14

 size(A) for Decision Poly 1: 11628x11628
 Cond(A) for Decision Poly 1: 8.092748e+03
 Cond(A_interp) for Decision Poly 1: 6.017059e+13

 size(A) for Decision Poly 2: 11628x11628
 Cond(A) for Decision Poly 2: 3.561582e+03
 Cond(A_interp) for Decision Poly 2: 7.284600e+13

 size(A) for Decision Poly 3: 11628x11628
 Cond(A) for Decision Poly 3: 4.411275e+04
 Cond(A_interp) for Decision Poly 3: 1.899629e+14

 size(A) for Decision Poly 4: 11628x11628
 Cond(A) for Decision Poly 4: 1.203817e+04
 Cond(A_interp) for Decision Poly 4: 1.278409e+14

 Constraint A size: 11628x46512

 Cond(A): 4.962496e+08

