min int_{T times X} v d mu s.t. v geq 0 on Z, v) geq 0 on Z0 
ans =

    'Running alfonso'

{Operation terminated by user during msspoly.relate (line 172)


In msspoly/indexinto (line 17)
        rel = msspoly.relate(qq,pind); % all pairs (i,k) s.t. qq(i) = pind(k)

In msspoly/subsref (line 5)
    q = indexinto(p,s.subs{:});

In monomial_to_interpolant (line 22)
        M(:, mon_ind) = msspoly_to_vector(mss_chebyshev(mon_ind), basis);

In FeketeBasis/inter_to_mon (line 128)
        [P0_to_mon, mon_to_P0] = monomial_to_interpolant(cube.P0_full,
        cube.polynomials, mon_basis);

In AlfonsoSOSProgFekete/problem_chars (line 147)
                    [dec_interp_to_mon, dec_mon_to_interp] =
                    dec_interp_basis.inter_to_mon(prog.dec_polys(i).mon_basis);

In FRS_minimal_experiment_5 (line 65)
prog.problem_chars(2);
} 
FRS_minimal_experiment_5(4, "3-23_verbose_hess_deg_4.log")
