
                            < M A T L A B (R) >
                  Copyright 1984-2018 The MathWorks, Inc.
                   R2018b (9.5.0.944444) 64-bit (glnxa64)
                              August 28, 2018

 
For online documentation, see https://www.mathworks.com/support
For product information, visit www.mathworks.com.
 
defining const 1
adding to program
defining const 2
adding to program
defining const 3
adding to program
defining const 4
adding to program
defining const 5
adding to program
Running alfonsless

ans =

     1   126


ans =

     1   126

1: pObj=0 pIn=6.841492e-01 dIn=7.764544e-04 gap=0 tau=1 kap=1 mu=1

ans = 

  datetime

   03-Mar-2019 20:15:14

2: pObj=0 pIn=5.743791e-01 dIn=6.518741e-04 gap=6.150860e-02 tau=9.321303e-01 kap=9.006441e-01 mu=8.395224e-01

ans = 

  datetime

   03-Mar-2019 20:15:15

3: pObj=0 pIn=4.822213e-01 dIn=5.472824e-04 gap=1.144487e-01 tau=8.632689e-01 kap=8.164171e-01 mu=7.047849e-01

ans = 

  datetime

   03-Mar-2019 20:15:15

4: pObj=0 pIn=4.048500e-01 dIn=4.594723e-04 gap=1.627356e-01 tau=7.931968e-01 kap=7.459273e-01 mu=5.916557e-01

ans = 

  datetime

   03-Mar-2019 20:15:15

5: pObj=0 pIn=3.398928e-01 dIn=3.857510e-04 gap=2.093607e-01 tau=7.219502e-01 kap=6.879829e-01 mu=4.966704e-01

ans = 

  datetime

   03-Mar-2019 20:15:15

6: pObj=0 pIn=2.853578e-01 dIn=3.238582e-04 gap=2.564842e-01 tau=6.501008e-01 kap=6.413584e-01 mu=4.169241e-01

ans = 

  datetime

   03-Mar-2019 20:15:15

7: pObj=0 pIn=2.395728e-01 dIn=2.718959e-04 gap=3.053230e-01 tau=5.788913e-01 kap=6.046094e-01 mu=3.499786e-01

ans = 

  datetime

   03-Mar-2019 20:15:16

8: pObj=0 pIn=2.011339e-01 dIn=2.282709e-04 gap=3.561273e-01 tau=5.100109e-01 kap=5.760795e-01 mu=2.937843e-01

ans = 

  datetime

   03-Mar-2019 20:15:16

9: pObj=0 pIn=1.688625e-01 dIn=1.916453e-04 gap=4.083861e-01 tau=4.451224e-01 kap=5.540854e-01 mu=2.466178e-01

ans = 

  datetime

   03-Mar-2019 20:15:16

10: pObj=0 pIn=1.417689e-01 dIn=1.608963e-04 gap=4.611650e-01 tau=3.854654e-01 kap=5.371220e-01 mu=2.070293e-01

ans = 

  datetime

   03-Mar-2019 20:15:16

11: pObj=0 pIn=1.190224e-01 dIn=1.350809e-04 gap=5.134051e-01 tau=3.317171e-01 kap=5.239654e-01 mu=1.738002e-01

ans = 

  datetime

   03-Mar-2019 20:15:16

12: pObj=0 pIn=9.174118e-02 dIn=1.041189e-04 gap=5.880167e-01 tau=2.629579e-01 kap=5.094106e-01 mu=1.339309e-01

ans = 

  datetime

   03-Mar-2019 20:15:16

13: pObj=0 pIn=7.071310e-02 dIn=8.025369e-05 gap=6.567680e-01 tau=2.068249e-01 kap=4.991147e-01 mu=1.032192e-01

ans = 

  datetime

   03-Mar-2019 20:15:16

14: pObj=0 pIn=5.450489e-02 dIn=6.185867e-05 gap=7.180367e-01 tau=1.618017e-01 kap=4.917060e-01 mu=7.955461e-02

ans = 

  datetime

   03-Mar-2019 20:15:17

15: pObj=0 pIn=3.665758e-02 dIn=4.160341e-05 gap=7.956575e-01 tau=1.105410e-01 kap=4.839997e-01 mu=5.349325e-02

ans = 

  datetime

   03-Mar-2019 20:15:17

16: pObj=0 pIn=2.465427e-02 dIn=2.798062e-05 gap=8.550719e-01 tau=7.509375e-02 kap=4.790875e-01 mu=3.597409e-02

ans = 

  datetime

   03-Mar-2019 20:15:17

17: pObj=0 pIn=1.312156e-02 dIn=1.489192e-05 gap=9.186083e-01 tau=4.034532e-02 kap=4.745276e-01 mu=1.914152e-02

ans = 

  datetime

   03-Mar-2019 20:15:17

18: pObj=0 pIn=6.983592e-03 dIn=7.925816e-06 gap=9.553796e-01 tau=2.157568e-02 kap=4.721702e-01 mu=1.018691e-02

ans = 

  datetime

   03-Mar-2019 20:15:17

19: pObj=0 pIn=2.316783e-03 dIn=2.629363e-06 gap=9.848495e-01 tau=7.184123e-03 kap=4.703846e-01 mu=3.378848e-03

ans = 

  datetime

   03-Mar-2019 20:15:17

20: pObj=0 pIn=7.685851e-04 dIn=8.722823e-07 gap=9.949347e-01 tau=2.385997e-03 kap=4.697894e-01 mu=1.120902e-03

ans = 

  datetime

   03-Mar-2019 20:15:18

21: pObj=0 pIn=2.549755e-04 dIn=2.893767e-07 gap=9.983139e-01 tau=7.924805e-04 kap=4.696016e-01 mu=3.718555e-04

ans = 

  datetime

   03-Mar-2019 20:15:18

22: pObj=0 pIn=8.458727e-05 dIn=9.599976e-08 gap=9.994409e-01 tau=2.625884e-04 kap=4.695393e-01 mu=1.233617e-04

ans = 

  datetime

   03-Mar-2019 20:15:18

23: pObj=0 pIn=2.806154e-05 dIn=3.184760e-08 gap=9.998143e-01 tau=8.721861e-05 kap=4.695183e-01 mu=4.092480e-05

ans = 

  datetime

   03-Mar-2019 20:15:18

24: pObj=0 pIn=9.309323e-06 dIn=1.056533e-08 gap=9.999385e-01 tau=2.889889e-05 kap=4.695111e-01 mu=1.357665e-05

ans = 

  datetime

   03-Mar-2019 20:15:18

25: pObj=0 pIn=3.088337e-06 dIn=3.505014e-09 gap=9.999796e-01 tau=9.599086e-06 kap=4.695084e-01 mu=4.504005e-06

ans = 

  datetime

   03-Mar-2019 20:15:18

26: pObj=0 pIn=1.024545e-06 dIn=1.162777e-09 gap=9.999932e-01 tau=3.180434e-06 kap=4.695072e-01 mu=1.494187e-06

ans = 

  datetime

   03-Mar-2019 20:15:18

27: pObj=0 pIn=3.398895e-07 dIn=3.857473e-10 gap=9.999977e-01 tau=1.056455e-06 kap=4.695065e-01 mu=4.956911e-07

ans = 

  datetime

   03-Mar-2019 20:15:18

28: pObj=0 pIn=1.127572e-07 dIn=1.279704e-10 gap=9.999993e-01 tau=3.500189e-07 kap=4.695060e-01 mu=1.644437e-07

ans = 

  datetime

   03-Mar-2019 20:15:18

29: pObj=0 pIn=3.740682e-08 dIn=4.245374e-11 gap=9.999998e-01 tau=1.162712e-07 kap=4.695056e-01 mu=5.455360e-08

ans = 

  datetime

   03-Mar-2019 20:15:18

30: pObj=0 pIn=1.240959e-08 dIn=1.408389e-11 gap=9.999999e-01 tau=3.852090e-08 kap=4.695051e-01 mu=1.809796e-08

ans = 

  datetime

   03-Mar-2019 20:15:19

31: pObj=0 pIn=4.116839e-09 dIn=4.672283e-12 gap=1.000000e+00 tau=1.279657e-08 kap=4.695046e-01 mu=6.003930e-09

ans = 

  datetime

   03-Mar-2019 20:15:19

Done in 31 iterations.
Status = Problem nearly primal or dual infeasible.
